#
# A fatal error has been detected by the Java Runtime Environment:
#
#  EXCEPTION_ACCESS_VIOLATION (0xc0000005) at pc=0x76f05844, pid=4408, tid=2432
#
# JRE version: 7.0_02-b13
# Java VM: Java HotSpot(TM) Client VM (22.0-b10 mixed mode, sharing windows-x86 )
# Problematic frame:
# C  [ntdll.dll+0x65844]
#
# Failed to write core dump. Minidumps are not enabled by default on client versions of Windows
#
# If you would like to submit a bug report, please visit:
#   http://bugreport.sun.com/bugreport/crash.jsp
# The crash happened outside the Java Virtual Machine in native code.
# See problematic frame for where to report the bug.
#

---------------  T H R E A D  ---------------

Current thread (0x00a09c00):  JavaThread "main" [_thread_in_native, id=2432, stack(0x00b50000,0x00ba0000)]

siginfo: ExceptionCode=0xc0000005, reading address 0x03ffffff

Registers:
EAX=0x03fffff8, EBX=0x04000000, ECX=0x05a50020, EDX=0x00000070
ESP=0x00b9f6b4, EBP=0x00b9f6c0, ESI=0x00a00000, EDI=0x00000000
EIP=0x76f05844, EFLAGS=0x00210246

Top of Stack: (sp=0x00b9f6b4)
0x00b9f6b4:   00b9f978 00b9f938 00000000 00b9f6d4
0x00b9f6c4:   75a5c56f 00a00000 00000000 04000000
0x00b9f6d4:   00b9f6e8 69b3016a 00a00000 00000000
0x00b9f6e4:   04000000 00b9f6f4 62661044 04000000
0x00b9f6f4:   00b9f7f4 6267efc3 05a50020 a5da3292
0x00b9f704:   00b9f978 00000000 3426c9c8 696b9ccb
0x00b9f714:   00b9f754 02403187 00000000 000001e0
0x00b9f724:   00000280 00000000 00000000 00000000 

Instructions: (pc=0x76f05844)
0x76f05824:   00 00 00 01 0f 85 13 2e 00 00 f6 46 48 01 0f 85
0x76f05834:   92 4e 00 00 f6 c3 07 0f 85 e4 ac 00 00 8d 43 f8
0x76f05844:   80 78 07 05 0f 84 c0 ac 00 00 f6 40 07 3f 0f 84
0x76f05854:   c4 ac 00 00 3b c7 89 45 10 0f 84 2c ad 00 00 80 


Register to memory mapping:

EAX=0x03fffff8 is an unknown value
EBX=0x04000000 is an unknown value
ECX=0x05a50020 is an unknown value
EDX=0x00000070 is an unknown value
ESP=0x00b9f6b4 is pointing into the stack for thread: 0x00a09c00
EBP=0x00b9f6c0 is pointing into the stack for thread: 0x00a09c00
ESI=0x00a00000 is an unknown value
EDI=0x00000000 is an unknown value


Stack: [0x00b50000,0x00ba0000],  sp=0x00b9f6b4,  free space=317k
Native frames: (J=compiled Java code, j=interpreted, Vv=VM code, C=native code)
C  [ntdll.dll+0x65844]  RtlFreeHeap+0x3b
C  [kernel32.dll+0x4c56f]  HeapFree+0x14
C  [msvcr100.dll+0x1016a]  free+0x1c
C  [opencv_core231.dll+0x1044]  cvFree_+0x14
C  [opencv_core231.dll+0x1efc3]  cvReleaseData+0x83
C  [opencv_core231.dll+0x243ca]  cvReleaseImage+0x12a
C  [jniopencv_core8032460676758165303.dll+0x2333d]  Java_com_googlecode_javacv_cpp_opencv_1core_cvReleaseImage+0x5d
j  com.googlecode.javacv.cpp.opencv_core.cvReleaseImage(Lcom/googlecode/javacv/cpp/opencv_core$IplImage;)V+0
j  javacvstuff.CaptureImage.captureFrame()V+1102
j  javacvstuff.CaptureImage.main([Ljava/lang/String;)V+0
v  ~StubRoutines::call_stub
V  [jvm.dll+0x123c0a]
V  [jvm.dll+0x1c9e8e]
V  [jvm.dll+0x123c8d]
V  [jvm.dll+0xa92d4]
V  [jvm.dll+0xb3657]
C  [java.exe+0x1fd3]
C  [java.exe+0xa0ab]
C  [java.exe+0xa135]
C  [kernel32.dll+0x44911]  BaseThreadInitThunk+0x12
C  [ntdll.dll+0x3e4b6]  RtlInitializeExceptionChain+0x63
C  [ntdll.dll+0x3e489]  RtlInitializeExceptionChain+0x36

Java frames: (J=compiled Java code, j=interpreted, Vv=VM code)
j  com.googlecode.javacv.cpp.opencv_core.cvReleaseImage(Lcom/googlecode/javacv/cpp/opencv_core$IplImage;)V+0
j  javacvstuff.CaptureImage.captureFrame()V+1102
j  javacvstuff.CaptureImage.main([Ljava/lang/String;)V+0
v  ~StubRoutines::call_stub

---------------  P R O C E S S  ---------------

Java Threads: ( => current thread )
  0x047fb000 JavaThread "AWT-EventQueue-0" [_thread_blocked, id=5068, stack(0x05160000,0x051b0000)]
  0x047f6000 JavaThread "AWT-Windows" daemon [_thread_in_native, id=6024, stack(0x053b0000,0x05400000)]
  0x048db800 JavaThread "AWT-Shutdown" [_thread_blocked, id=2204, stack(0x04b70000,0x04bc0000)]
  0x048db400 JavaThread "Java2D Disposer" daemon [_thread_blocked, id=5784, stack(0x051d0000,0x05220000)]
  0x047e7400 JavaThread "Thread-4" [_thread_blocked, id=3096, stack(0x04b10000,0x04b60000)]
  0x04821800 JavaThread "Thread-3" [_thread_in_native, id=1512, stack(0x049b0000,0x04a00000)]
  0x047e8c00 JavaThread "Thread-2" [_thread_blocked, id=5488, stack(0x04ac0000,0x04b10000)]
  0x047cb800 JavaThread "Thread-1" [_thread_blocked, id=4404, stack(0x04a10000,0x04a60000)]
  0x00ae6400 JavaThread "Service Thread" daemon [_thread_blocked, id=1092, stack(0x01c80000,0x01cd0000)]
  0x00ae2000 JavaThread "C1 CompilerThread0" daemon [_thread_blocked, id=1516, stack(0x04710000,0x04760000)]
  0x00ae1400 JavaThread "Attach Listener" daemon [_thread_blocked, id=4928, stack(0x009a0000,0x009f0000)]
  0x00ae0800 JavaThread "Signal Dispatcher" daemon [_thread_blocked, id=1888, stack(0x04470000,0x044c0000)]
  0x00ac4000 JavaThread "Finalizer" daemon [_thread_blocked, id=5376, stack(0x045f0000,0x04640000)]
  0x00ac2800 JavaThread "Reference Handler" daemon [_thread_blocked, id=3284, stack(0x04570000,0x045c0000)]
=>0x00a09c00 JavaThread "main" [_thread_in_native, id=2432, stack(0x00b50000,0x00ba0000)]

Other Threads:
  0x00abf800 VMThread [stack: 0x044f0000,0x04540000] [id=5252]
  0x00af2000 WatcherThread [stack: 0x04410000,0x04460000] [id=6000]

VM state:not at safepoint (normal execution)

VM Mutex/Monitor currently owned by a thread: None

Heap
 def new generation   total 4928K, used 3039K [0x24240000, 0x24790000, 0x29790000)
  eden space 4416K,  57% used [0x24240000, 0x244b7dd0, 0x24690000)
  from space 512K, 100% used [0x24690000, 0x24710000, 0x24710000)
  to   space 512K,   0% used [0x24710000, 0x24710000, 0x24790000)
 tenured generation   total 10944K, used 1643K [0x29790000, 0x2a240000, 0x34240000)
   the space 10944K,  15% used [0x29790000, 0x2992ac50, 0x2992ae00, 0x2a240000)
 compacting perm gen  total 12288K, used 1838K [0x34240000, 0x34e40000, 0x38240000)
   the space 12288K,  14% used [0x34240000, 0x3440bb80, 0x3440bc00, 0x34e40000)
    ro space 10240K,  45% used [0x38240000, 0x386c2710, 0x386c2800, 0x38c40000)
    rw space 12288K,  54% used [0x38c40000, 0x392c6488, 0x392c6600, 0x39840000)

Code Cache  [0x02400000, 0x024d0000, 0x04400000)
 total_blobs=372 nmethods=132 adapters=176 free_code_cache=31960Kb largest_free_block=32727744

Dynamic libraries:
0x00ba0000 - 0x00bce000 	C:\Program Files\Java\jdk1.7.0_02\bin\java.exe
0x76ea0000 - 0x76fc7000 	C:\Windows\system32\ntdll.dll
0x75a10000 - 0x75aeb000 	C:\Windows\system32\kernel32.dll
0x75780000 - 0x75846000 	C:\Windows\system32\ADVAPI32.dll
0x75af0000 - 0x75bb2000 	C:\Windows\system32\RPCRT4.dll
0x75970000 - 0x75a0d000 	C:\Windows\system32\USER32.dll
0x75730000 - 0x7577b000 	C:\Windows\system32\GDI32.dll
0x73e50000 - 0x73fee000 	C:\Windows\WinSxS\x86_microsoft.windows.common-controls_6595b64144ccf1df_6.0.6001.18000_none_5cdbaa5a083979cc\COMCTL32.dll
0x77050000 - 0x770fa000 	C:\Windows\system32\msvcrt.dll
0x76ff0000 - 0x77048000 	C:\Windows\system32\SHLWAPI.dll
0x769a0000 - 0x769be000 	C:\Windows\system32\IMM32.DLL
0x75850000 - 0x75918000 	C:\Windows\system32\MSCTF.dll
0x76fe0000 - 0x76fe9000 	C:\Windows\system32\LPK.DLL
0x75590000 - 0x7560d000 	C:\Windows\system32\USP10.dll
0x6c1b0000 - 0x6c1b5000 	C:\Windows\system32\avgrsstx.dll
0x69b20000 - 0x69bde000 	C:\Program Files\Java\jdk1.7.0_02\jre\bin\msvcr100.dll
0x69580000 - 0x698a8000 	C:\Program Files\Java\jdk1.7.0_02\jre\bin\client\jvm.dll
0x741e0000 - 0x741e7000 	C:\Windows\system32\WSOCK32.dll
0x75560000 - 0x7558d000 	C:\Windows\system32\WS2_32.dll
0x76fd0000 - 0x76fd6000 	C:\Windows\system32\NSI.dll
0x73a60000 - 0x73a92000 	C:\Windows\system32\WINMM.dll
0x76a40000 - 0x76b84000 	C:\Windows\system32\ole32.dll
0x75610000 - 0x7569d000 	C:\Windows\system32\OLEAUT32.dll
0x73a20000 - 0x73a59000 	C:\Windows\system32\OLEACC.dll
0x754b0000 - 0x754b7000 	C:\Windows\system32\PSAPI.DLL
0x6a750000 - 0x6a75c000 	C:\Program Files\Java\jdk1.7.0_02\jre\bin\verify.dll
0x6a2b0000 - 0x6a2d0000 	C:\Program Files\Java\jdk1.7.0_02\jre\bin\java.dll
0x6a290000 - 0x6a2a3000 	C:\Program Files\Java\jdk1.7.0_02\jre\bin\zip.dll
0x681b0000 - 0x681c4000 	C:\Program Files\Java\jdk1.7.0_02\jre\bin\net.dll
0x74510000 - 0x7454b000 	C:\Windows\system32\mswsock.dll
0x74570000 - 0x74575000 	C:\Windows\System32\wship6.dll
0x6ae80000 - 0x6aeaa000 	C:\MinGW\bin\avutil-50.dll
0x74290000 - 0x742cb000 	C:\Windows\system32\rsaenh.dll
0x75400000 - 0x7541e000 	C:\Windows\system32\USERENV.dll
0x753e0000 - 0x753f4000 	C:\Windows\system32\Secur32.dll
0x73b70000 - 0x73b7f000 	C:\Windows\system32\NLAapi.dll
0x74c40000 - 0x74c59000 	C:\Windows\system32\IPHLPAPI.DLL
0x74c00000 - 0x74c35000 	C:\Windows\system32\dhcpcsvc.DLL
0x74e60000 - 0x74e8c000 	C:\Windows\system32\DNSAPI.dll
0x74bf0000 - 0x74bf7000 	C:\Windows\system32\WINNSI.DLL
0x74bc0000 - 0x74be1000 	C:\Windows\system32\dhcpcsvc6.DLL
0x72760000 - 0x7276f000 	C:\Windows\system32\napinsp.dll
0x72720000 - 0x72732000 	C:\Windows\system32\pnrpnsp.dll
0x72750000 - 0x72758000 	C:\Windows\System32\winrnr.dll
0x75920000 - 0x7596a000 	C:\Windows\system32\WLDAP32.dll
0x72740000 - 0x7274c000 	C:\Windows\system32\wshbth.dll
0x76810000 - 0x7699a000 	C:\Windows\system32\SETUPAPI.dll
0x63560000 - 0x63568000 	C:\Program Files\National Instruments\Shared\mDNS Responder\nimdnsNSP.dll
0x63550000 - 0x63559000 	C:\Windows\system32\nimdnsResponder.dll
0x72560000 - 0x72603000 	C:\Windows\WinSxS\x86_microsoft.vc90.crt_1fc8b3b9a1e18e3b_9.0.30729.5054_none_509208cabcb9216b\MSVCR90.dll
0x74100000 - 0x74105000 	C:\Windows\System32\wshtcpip.dll
0x72380000 - 0x72386000 	C:\Windows\system32\rasadhlp.dll
0x693c0000 - 0x693cf000 	C:\Program Files\Java\jdk1.7.0_02\jre\bin\nio.dll
0x64100000 - 0x64169000 	C:\Program Files\WPIJavaCV\OpenCV_2.2.0\bin\msvcp100.dll
0x66c80000 - 0x66ca6000 	C:\opencv\build\common\tbb\ia32\vc10\tbb.dll
0x62660000 - 0x6280e000 	C:\opencv\build\x86\vc10\bin\opencv_core231.dll
0x639e0000 - 0x63a41000 	C:\Users\lenovo\AppData\Local\Temp\jniopencv_core8032460676758165303.dll
0x61840000 - 0x61a71000 	C:\opencv\build\x86\vc10\bin\opencv_imgproc231.dll
0x64300000 - 0x64334000 	C:\Users\lenovo\AppData\Local\Temp\jniopencv_imgproc4379935842127136462.dll
0x62570000 - 0x62659000 	C:\opencv\build\x86\vc10\bin\opencv_highgui231.dll
0x646f0000 - 0x64709000 	C:\Windows\system32\AVIFIL32.dll
0x72500000 - 0x72514000 	C:\Windows\system32\MSACM32.dll
0x70af0000 - 0x70b13000 	C:\Windows\system32\MSVFW32.dll
0x75bc0000 - 0x766d0000 	C:\Windows\system32\SHELL32.dll
0x66580000 - 0x66593000 	C:\Windows\system32\AVICAP32.dll
0x741d0000 - 0x741d8000 	C:\Windows\system32\VERSION.dll
0x73bd0000 - 0x73c0f000 	C:\Windows\system32\uxtheme.dll
0x73360000 - 0x7336c000 	C:\Users\lenovo\AppData\Local\Temp\jniopencv_highgui4106655857447286867.dll
0x70fc0000 - 0x71ba4000 	C:\opencv\build\x86\vc10\bin\opencv_ffmpeg.dll
0x66e90000 - 0x66fd2000 	C:\Program Files\Java\jdk1.7.0_02\jre\bin\awt.dll
0x72c60000 - 0x72c6c000 	C:\Windows\system32\DWMAPI.DLL
0x67cc0000 - 0x67cea000 	C:\Program Files\Java\jdk1.7.0_02\jre\bin\fontmanager.dll

VM Arguments:
jvm_args: -Dfile.encoding=UTF-8 
java_command: javacvstuff.CaptureImage
Launcher Type: SUN_STANDARD

Environment Variables:
PATH=C:\Windows\system32;C:\Windows;C:\Windows\System32\Wbem;C:\Program Files\Intel\WiFi\bin\;C:\Program Files\ATI Technologies\ATI.ACE\Core-Static;c:\Program Files\Common Files\Lenovo;C:\Program Files\Common Files\Roxio Shared\10.0\DLLShared\;C:\Program Files\Common Files\Roxio Shared\DLLShared\;C:\Program Files\Common Files\Roxio Shared\DLLShared\;C:\Program Files\Common Files\Roxio Shared\10.0\DLLShared\;C:\Program Files\ThinkPad\ConnectUtilities\;C:\Program Files\Lenovo\Client Security Solution;c:\Program Files\Microsoft SQL Server\90\Tools\binn\;C:\PROGRA~1\IVIFOU~1\VISA\WinNT\Bin;C:\Program Files\IVI Foundation\VISA\WinNT\Bin\;C:\Program Files\IVI Foundation\VISA\WinNT\Bin;C:\Program Files\National Instruments\LabVIEW 8.6\\vi.lib\NIScanEngine;C:\Program Files\WPIJavaCV\OpenCV_2.2.0\bin
USERNAME=lenovo
OS=Windows_NT
PROCESSOR_IDENTIFIER=x86 Family 6 Model 23 Stepping 6, GenuineIntel



---------------  S Y S T E M  ---------------

OS: Windows Vista Build 6001 Service Pack 1

CPU:total 2 (2 cores per cpu, 1 threads per core) family 6 model 23 stepping 6, cmov, cx8, fxsr, mmx, sse, sse2, sse3, ssse3, sse4.1

Memory: 4k page, physical 3087624k(1451164k free), swap 6387248k(4556968k free)

vm_info: Java HotSpot(TM) Client VM (22.0-b10) for windows-x86 JRE (1.7.0_02-b13), built on Nov 17 2011 17:17:32 by "java_re" with unknown MS VC++:1600

time: Tue Feb 21 15:51:14 2012
elapsed time: 8 seconds

