#
# A fatal error has been detected by the Java Runtime Environment:
#
#  Internal Error (0xe06d7363), pid=6552, tid=7964
#
# JRE version: 6.0_16-b01
# Java VM: Java HotSpot(TM) Client VM (14.2-b01 mixed mode, sharing windows-x86 )
# Problematic frame:
# C  [kernel32.dll+0x442eb]
#
# If you would like to submit a bug report, please visit:
#   http://java.sun.com/webapps/bugreport/crash.jsp
# The crash happened outside the Java Virtual Machine in native code.
# See problematic frame for where to report the bug.
#

---------------  T H R E A D  ---------------

Current thread (0x014b9400):  JavaThread "main" [_thread_in_native, id=7964, stack(0x00230000,0x00280000)]

siginfo: ExceptionCode=0xe06d7363, ExceptionInformation=0x19930520 0x0026f640 0x65c7b1dc 

Registers:
EAX=0x0026f59c, EBX=0x0000002f, ECX=0x00000003, EDX=0x00000000
ESP=0x0026f59c, EBP=0x0026f5ec, ESI=0x0027f774, EDI=0x66201ec6
EIP=0x756642eb, EFLAGS=0x00200206

Top of Stack: (sp=0x0026f59c)
0x0026f59c:   e06d7363 00000001 00000000 756642eb
0x0026f5ac:   00000003 19930520 0026f640 65c7b1dc
0x0026f5bc:   66201ec6 0000002f 0026f6a4 0026f5a0
0x0026f5cc:   0026f6a4 00000046 0026f5f4 65af16ee
0x0026f5dc:   04e06898 04e04f08 00000046 0027f774
0x0026f5ec:   0026f624 66217819 e06d7363 00000001
0x0026f5fc:   00000003 0026f618 e06d7363 00000001
0x0026f60c:   00000000 00000000 00000003 19930520 

Instructions: (pc=0x756642eb)
0x756642db:   80 00 00 83 c4 0c 8d 45 b0 50 ff 15 14 17 62 75
0x756642eb:   c9 c2 10 00 90 90 90 90 90 6a 10 68 80 43 66 75 


Stack: [0x00230000,0x00280000],  sp=0x0026f59c,  free space=253k
Native frames: (J=compiled Java code, j=interpreted, Vv=VM code, C=native code)
C  [kernel32.dll+0x442eb]
C  [msvcr100.dll+0x27819]

Java frames: (J=compiled Java code, j=interpreted, Vv=VM code)
j  com.googlecode.javacv.cpp.opencv_imgproc.cvArcLength(Lcom/googlecode/javacpp/Pointer;Lcom/googlecode/javacv/cpp/opencv_core$CvSlice;I)D+0
j  com.googlecode.javacv.cpp.opencv_imgproc.cvContourPerimeter(Lcom/googlecode/javacpp/Pointer;)D+5
j  javacvstuff.PolygonFinder.processContours(ILcom/googlecode/javacv/cpp/opencv_core$IplImage;)V+451
j  javacvstuff.PolygonFinder.findPolygons(I)Ljava/util/ArrayList;+194
j  javacvstuff.CaptureImage.captureFrame()V+284
j  javacvstuff.CaptureImage.main([Ljava/lang/String;)V+0
v  ~StubRoutines::call_stub

---------------  P R O C E S S  ---------------

Java Threads: ( => current thread )
  0x04440000 JavaThread "AWT-EventQueue-0" [_thread_blocked, id=3256, stack(0x063f0000,0x06440000)]
  0x0443f400 JavaThread "AWT-Windows" daemon [_thread_in_native, id=5168, stack(0x063a0000,0x063f0000)]
  0x0443f000 JavaThread "AWT-Shutdown" [_thread_blocked, id=6732, stack(0x06350000,0x063a0000)]
  0x04435400 JavaThread "Java2D Disposer" daemon [_thread_blocked, id=7164, stack(0x04f60000,0x04fb0000)]
  0x013e7800 JavaThread "Low Memory Detector" daemon [_thread_blocked, id=8060, stack(0x04320000,0x04370000)]
  0x013e2c00 JavaThread "CompilerThread0" daemon [_thread_blocked, id=6832, stack(0x042d0000,0x04320000)]
  0x013e2400 JavaThread "Attach Listener" daemon [_thread_blocked, id=8148, stack(0x04280000,0x042d0000)]
  0x013d7800 JavaThread "Signal Dispatcher" daemon [_thread_blocked, id=8012, stack(0x04230000,0x04280000)]
  0x01397800 JavaThread "Finalizer" daemon [_thread_blocked, id=7932, stack(0x041e0000,0x04230000)]
  0x01393000 JavaThread "Reference Handler" daemon [_thread_blocked, id=4984, stack(0x04190000,0x041e0000)]
=>0x014b9400 JavaThread "main" [_thread_in_native, id=7964, stack(0x00230000,0x00280000)]

Other Threads:
  0x01391800 VMThread [stack: 0x04140000,0x04190000] [id=7452]
  0x013e9c00 WatcherThread [stack: 0x04370000,0x043c0000] [id=4424]

VM state:not at safepoint (normal execution)

VM Mutex/Monitor currently owned by a thread: None

Heap
 def new generation   total 960K, used 570K [0x23a60000, 0x23b60000, 0x23f40000)
  eden space 896K,  56% used [0x23a60000, 0x23ade938, 0x23b40000)
  from space 64K, 100% used [0x23b40000, 0x23b50000, 0x23b50000)
  to   space 64K,   0% used [0x23b50000, 0x23b50000, 0x23b60000)
 tenured generation   total 4096K, used 3878K [0x23f40000, 0x24340000, 0x27a60000)
   the space 4096K,  94% used [0x23f40000, 0x24309ad8, 0x24309c00, 0x24340000)
 compacting perm gen  total 12288K, used 1370K [0x27a60000, 0x28660000, 0x2ba60000)
   the space 12288K,  11% used [0x27a60000, 0x27bb69d0, 0x27bb6a00, 0x28660000)
    ro space 8192K,  67% used [0x2ba60000, 0x2bfc9040, 0x2bfc9200, 0x2c260000)
    rw space 12288K,  54% used [0x2c260000, 0x2c8dd348, 0x2c8dd400, 0x2ce60000)

Dynamic libraries:
0x00400000 - 0x00424000 	C:\Program Files\Java\jdk1.6.0_16\bin\java.exe
0x76ee0000 - 0x77007000 	C:\Windows\system32\ntdll.dll
0x75620000 - 0x756fb000 	C:\Windows\system32\kernel32.dll
0x76900000 - 0x769c6000 	C:\Windows\system32\ADVAPI32.dll
0x76640000 - 0x76702000 	C:\Windows\system32\RPCRT4.dll
0x7c340000 - 0x7c396000 	C:\Program Files\Java\jdk1.6.0_16\jre\bin\msvcr71.dll
0x6d8b0000 - 0x6db3b000 	C:\Program Files\Java\jdk1.6.0_16\jre\bin\client\jvm.dll
0x758b0000 - 0x7594d000 	C:\Windows\system32\USER32.dll
0x76c90000 - 0x76cdb000 	C:\Windows\system32\GDI32.dll
0x73ac0000 - 0x73af2000 	C:\Windows\system32\WINMM.dll
0x76dd0000 - 0x76e7a000 	C:\Windows\system32\msvcrt.dll
0x764f0000 - 0x76634000 	C:\Windows\system32\ole32.dll
0x75950000 - 0x759dd000 	C:\Windows\system32\OLEAUT32.dll
0x73a80000 - 0x73ab9000 	C:\Windows\system32\OLEACC.dll
0x75890000 - 0x758ae000 	C:\Windows\system32\IMM32.DLL
0x77060000 - 0x77128000 	C:\Windows\system32\MSCTF.dll
0x753c0000 - 0x753ec000 	C:\Windows\system32\apphelp.dll
0x77010000 - 0x77019000 	C:\Windows\system32\LPK.DLL
0x76b60000 - 0x76bdd000 	C:\Windows\system32\USP10.dll
0x6c1b0000 - 0x6c1b5000 	C:\Windows\system32\avgrsstx.dll
0x6d860000 - 0x6d86c000 	C:\Program Files\Java\jdk1.6.0_16\jre\bin\verify.dll
0x6d3e0000 - 0x6d3ff000 	C:\Program Files\Java\jdk1.6.0_16\jre\bin\java.dll
0x6d340000 - 0x6d348000 	C:\Program Files\Java\jdk1.6.0_16\jre\bin\hpi.dll
0x754f0000 - 0x754f7000 	C:\Windows\system32\PSAPI.DLL
0x6d8a0000 - 0x6d8af000 	C:\Program Files\Java\jdk1.6.0_16\jre\bin\zip.dll
0x6ae80000 - 0x6aeaa000 	C:\MinGW\bin\avutil-50.dll
0x742d0000 - 0x7430b000 	C:\Windows\system32\rsaenh.dll
0x75440000 - 0x7545e000 	C:\Windows\system32\USERENV.dll
0x75420000 - 0x75434000 	C:\Windows\system32\Secur32.dll
0x6d6c0000 - 0x6d6d3000 	C:\Program Files\Java\jdk1.6.0_16\jre\bin\net.dll
0x76be0000 - 0x76c0d000 	C:\Windows\system32\WS2_32.dll
0x77020000 - 0x77026000 	C:\Windows\system32\NSI.dll
0x74550000 - 0x7458b000 	C:\Windows\system32\mswsock.dll
0x745b0000 - 0x745b5000 	C:\Windows\System32\wship6.dll
0x73a60000 - 0x73a6f000 	C:\Windows\system32\NLAapi.dll
0x74780000 - 0x74799000 	C:\Windows\system32\IPHLPAPI.DLL
0x74740000 - 0x74775000 	C:\Windows\system32\dhcpcsvc.DLL
0x749a0000 - 0x749cc000 	C:\Windows\system32\DNSAPI.dll
0x751f0000 - 0x751f7000 	C:\Windows\system32\WINNSI.DLL
0x74710000 - 0x74731000 	C:\Windows\system32\dhcpcsvc6.DLL
0x71080000 - 0x7108f000 	C:\Windows\system32\napinsp.dll
0x71060000 - 0x71072000 	C:\Windows\system32\pnrpnsp.dll
0x70d50000 - 0x70d58000 	C:\Windows\System32\winrnr.dll
0x76b10000 - 0x76b5a000 	C:\Windows\system32\WLDAP32.dll
0x70d40000 - 0x70d4c000 	C:\Windows\system32\wshbth.dll
0x75700000 - 0x7588a000 	C:\Windows\system32\SETUPAPI.dll
0x63560000 - 0x63568000 	C:\Program Files\National Instruments\Shared\mDNS Responder\nimdnsNSP.dll
0x63550000 - 0x63559000 	C:\Windows\system32\nimdnsResponder.dll
0x70bc0000 - 0x70c63000 	C:\Windows\WinSxS\x86_microsoft.vc90.crt_1fc8b3b9a1e18e3b_9.0.30729.5054_none_509208cabcb9216b\MSVCR90.dll
0x741f0000 - 0x741f5000 	C:\Windows\System32\wshtcpip.dll
0x726a0000 - 0x726a6000 	C:\Windows\system32\rasadhlp.dll
0x661f0000 - 0x662ae000 	C:\Program Files\WPIJavaCV\OpenCV_2.2.0\bin\msvcr100.dll
0x660c0000 - 0x66129000 	C:\Program Files\WPIJavaCV\OpenCV_2.2.0\bin\msvcp100.dll
0x71150000 - 0x71176000 	C:\opencv\build\common\tbb\ia32\vc10\tbb.dll
0x65af0000 - 0x65c9e000 	C:\opencv\build\x86\vc10\bin\opencv_core231.dll
0x66050000 - 0x660b1000 	C:\Users\lenovo\AppData\Local\Temp\jniopencv_core7000721110476065095.dll
0x64b50000 - 0x64d81000 	C:\opencv\build\x86\vc10\bin\opencv_imgproc231.dll
0x69fc0000 - 0x69ff4000 	C:\Users\lenovo\AppData\Local\Temp\jniopencv_imgproc947841138258883396.dll
0x65a00000 - 0x65ae9000 	C:\opencv\build\x86\vc10\bin\opencv_highgui231.dll
0x73e70000 - 0x7400e000 	C:\Windows\WinSxS\x86_microsoft.windows.common-controls_6595b64144ccf1df_6.0.6001.18000_none_5cdbaa5a083979cc\COMCTL32.dll
0x76e80000 - 0x76ed8000 	C:\Windows\system32\SHLWAPI.dll
0x73370000 - 0x73389000 	C:\Windows\system32\AVIFIL32.dll
0x72880000 - 0x72894000 	C:\Windows\system32\MSACM32.dll
0x73ba0000 - 0x73bc3000 	C:\Windows\system32\MSVFW32.dll
0x759e0000 - 0x764f0000 	C:\Windows\system32\SHELL32.dll
0x73390000 - 0x733a3000 	C:\Windows\system32\AVICAP32.dll
0x74210000 - 0x74218000 	C:\Windows\system32\VERSION.dll
0x73bf0000 - 0x73c2f000 	C:\Windows\system32\uxtheme.dll
0x73400000 - 0x7340c000 	C:\Users\lenovo\AppData\Local\Temp\jniopencv_highgui4750108735122652323.dll
0x05070000 - 0x05c54000 	C:\opencv\build\x86\vc10\bin\opencv_ffmpeg.dll
0x74220000 - 0x74227000 	C:\Windows\system32\WSOCK32.DLL
0x6d0b0000 - 0x6d1fa000 	C:\Program Files\Java\jdk1.6.0_16\jre\bin\awt.dll
0x72c20000 - 0x72c62000 	C:\Windows\system32\WINSPOOL.DRV
0x72860000 - 0x7286c000 	C:\Windows\system32\DWMAPI.DLL
0x6d2e0000 - 0x6d334000 	C:\Program Files\Java\jdk1.6.0_16\jre\bin\fontmanager.dll

VM Arguments:
jvm_args: -Dfile.encoding=UTF-8 
java_command: javacvstuff.CaptureImage
Launcher Type: SUN_STANDARD

Environment Variables:
PATH=C:\Windows\system32;C:\Windows;C:\Windows\System32\Wbem;C:\Program Files\Intel\WiFi\bin\;C:\Program Files\ATI Technologies\ATI.ACE\Core-Static;c:\Program Files\Common Files\Lenovo;C:\Program Files\Common Files\Roxio Shared\10.0\DLLShared\;C:\Program Files\Common Files\Roxio Shared\DLLShared\;C:\Program Files\Common Files\Roxio Shared\DLLShared\;C:\Program Files\Common Files\Roxio Shared\10.0\DLLShared\;C:\Program Files\ThinkPad\ConnectUtilities\;C:\Program Files\Lenovo\Client Security Solution;c:\Program Files\Microsoft SQL Server\90\Tools\binn\;C:\PROGRA~1\IVIFOU~1\VISA\WinNT\Bin;C:\Program Files\IVI Foundation\VISA\WinNT\Bin\;C:\Program Files\IVI Foundation\VISA\WinNT\Bin;C:\Program Files\National Instruments\LabVIEW 8.6\\vi.lib\NIScanEngine;C:\Program Files\WPIJavaCV\OpenCV_2.2.0\bin
USERNAME=lenovo
OS=Windows_NT
PROCESSOR_IDENTIFIER=x86 Family 6 Model 23 Stepping 6, GenuineIntel



---------------  S Y S T E M  ---------------

OS: Windows Vista Build 6001 Service Pack 1

CPU:total 2 (2 cores per cpu, 1 threads per core) family 6 model 23 stepping 6, cmov, cx8, fxsr, mmx, sse, sse2, sse3, ssse3, sse4.1

Memory: 4k page, physical 2097151k(1424852k free), swap 4194303k(4194303k free)

vm_info: Java HotSpot(TM) Client VM (14.2-b01) for windows-x86 JRE (1.6.0_16-b01), built on Jul 31 2009 11:26:58 by "java_re" with MS VC++ 7.1

time: Mon Feb 13 22:00:52 2012
elapsed time: 5 seconds

