#
# A fatal error has been detected by the Java Runtime Environment:
#
#  Internal Error (0xe06d7363), pid=7652, tid=6368
#
# JRE version: 6.0_16-b01
# Java VM: Java HotSpot(TM) Client VM (14.2-b01 mixed mode, sharing windows-x86 )
# Problematic frame:
# C  [kernel32.dll+0x442eb]
#
# If you would like to submit a bug report, please visit:
#   http://java.sun.com/webapps/bugreport/crash.jsp
# The crash happened outside the Java Virtual Machine in native code.
# See problematic frame for where to report the bug.
#

---------------  T H R E A D  ---------------

Current thread (0x00179400):  JavaThread "main" [_thread_in_native, id=6368, stack(0x000f0000,0x00140000)]

siginfo: ExceptionCode=0xe06d7363, ExceptionInformation=0x19930520 0x0012f848 0x6610b1dc 

Registers:
EAX=0x0012f7a4, EBX=0x000001ed, ECX=0x00000003, EDX=0x00000000
ESP=0x0012f7a4, EBP=0x0012f7f4, ESI=0x0013f930, EDI=0x66871ec6
EIP=0x756642eb, EFLAGS=0x00200212

Top of Stack: (sp=0x0012f7a4)
0x0012f7a4:   e06d7363 00000001 00000000 756642eb
0x0012f7b4:   00000003 19930520 0012f848 6610b1dc
0x0012f7c4:   66871ec6 000001ed 0012f8ac 0012f7a8
0x0012f7d4:   0012f8ac 00000042 0012f7fc 65f816ee
0x0012f7e4:   04e1f5f8 04e1e420 00000042 0013f930
0x0012f7f4:   0012f82c 66887819 e06d7363 00000001
0x0012f804:   00000003 0012f820 e06d7363 00000001
0x0012f814:   00000000 00000000 00000003 19930520 

Instructions: (pc=0x756642eb)
0x756642db:   80 00 00 83 c4 0c 8d 45 b0 50 ff 15 14 17 62 75
0x756642eb:   c9 c2 10 00 90 90 90 90 90 6a 10 68 80 43 66 75 


Stack: [0x000f0000,0x00140000],  sp=0x0012f7a4,  free space=253k
Native frames: (J=compiled Java code, j=interpreted, Vv=VM code, C=native code)
C  [kernel32.dll+0x442eb]
C  [msvcr100.dll+0x27819]

Java frames: (J=compiled Java code, j=interpreted, Vv=VM code)
j  com.googlecode.javacv.cpp.opencv_core.cvCopy(Lcom/googlecode/javacv/cpp/opencv_core$CvArr;Lcom/googlecode/javacv/cpp/opencv_core$CvArr;Lcom/googlecode/javacv/cpp/opencv_core$CvArr;)V+0
j  com.googlecode.javacv.cpp.opencv_core.cvCopy(Lcom/googlecode/javacv/cpp/opencv_core$CvArr;Lcom/googlecode/javacv/cpp/opencv_core$CvArr;)V+3
j  javacvstuff.PolygonFinder.processContours(ILcom/googlecode/javacv/cpp/opencv_core$IplImage;)V+154
j  javacvstuff.PolygonFinder.findPolygons(I)Ljava/util/ArrayList;+194
j  javacvstuff.CaptureImage.captureFrame()V+284
j  javacvstuff.CaptureImage.main([Ljava/lang/String;)V+0
v  ~StubRoutines::call_stub

---------------  P R O C E S S  ---------------

Java Threads: ( => current thread )
  0x02201400 JavaThread "AWT-EventQueue-0" [_thread_blocked, id=3456, stack(0x063f0000,0x06440000)]
  0x04421000 JavaThread "AWT-Windows" daemon [_thread_in_native, id=7976, stack(0x06370000,0x063c0000)]
  0x0443cc00 JavaThread "AWT-Shutdown" [_thread_blocked, id=7216, stack(0x06320000,0x06370000)]
  0x0443c800 JavaThread "Java2D Disposer" daemon [_thread_blocked, id=5180, stack(0x04f70000,0x04fc0000)]
  0x02257400 JavaThread "Low Memory Detector" daemon [_thread_blocked, id=1540, stack(0x04310000,0x04360000)]
  0x02242400 JavaThread "CompilerThread0" daemon [_thread_blocked, id=7340, stack(0x042c0000,0x04310000)]
  0x02241c00 JavaThread "Attach Listener" daemon [_thread_blocked, id=7744, stack(0x01560000,0x015b0000)]
  0x0223f800 JavaThread "Signal Dispatcher" daemon [_thread_blocked, id=6580, stack(0x01510000,0x01560000)]
  0x021f4400 JavaThread "Finalizer" daemon [_thread_blocked, id=3476, stack(0x00d90000,0x00de0000)]
  0x021f3000 JavaThread "Reference Handler" daemon [_thread_blocked, id=8172, stack(0x00d20000,0x00d70000)]
=>0x00179400 JavaThread "main" [_thread_in_native, id=6368, stack(0x000f0000,0x00140000)]

Other Threads:
  0x021f1800 VMThread [stack: 0x00cd0000,0x00d20000] [id=3744]
  0x02258800 WatcherThread [stack: 0x04360000,0x043b0000] [id=3836]

VM state:not at safepoint (normal execution)

VM Mutex/Monitor currently owned by a thread: None

Heap
 def new generation   total 960K, used 507K [0x23a60000, 0x23b60000, 0x23f40000)
  eden space 896K,  49% used [0x23a60000, 0x23acec38, 0x23b40000)
  from space 64K, 100% used [0x23b40000, 0x23b50000, 0x23b50000)
  to   space 64K,   0% used [0x23b50000, 0x23b50000, 0x23b60000)
 tenured generation   total 4096K, used 3876K [0x23f40000, 0x24340000, 0x27a60000)
   the space 4096K,  94% used [0x23f40000, 0x243092f0, 0x24309400, 0x24340000)
 compacting perm gen  total 12288K, used 1362K [0x27a60000, 0x28660000, 0x2ba60000)
   the space 12288K,  11% used [0x27a60000, 0x27bb4b70, 0x27bb4c00, 0x28660000)
    ro space 8192K,  67% used [0x2ba60000, 0x2bfc9040, 0x2bfc9200, 0x2c260000)
    rw space 12288K,  54% used [0x2c260000, 0x2c8dd348, 0x2c8dd400, 0x2ce60000)

Dynamic libraries:
0x00400000 - 0x00424000 	C:\Program Files\Java\jdk1.6.0_16\bin\java.exe
0x76ee0000 - 0x77007000 	C:\Windows\system32\ntdll.dll
0x75620000 - 0x756fb000 	C:\Windows\system32\kernel32.dll
0x76900000 - 0x769c6000 	C:\Windows\system32\ADVAPI32.dll
0x76640000 - 0x76702000 	C:\Windows\system32\RPCRT4.dll
0x7c340000 - 0x7c396000 	C:\Program Files\Java\jdk1.6.0_16\jre\bin\msvcr71.dll
0x6d8b0000 - 0x6db3b000 	C:\Program Files\Java\jdk1.6.0_16\jre\bin\client\jvm.dll
0x758b0000 - 0x7594d000 	C:\Windows\system32\USER32.dll
0x76c90000 - 0x76cdb000 	C:\Windows\system32\GDI32.dll
0x73ac0000 - 0x73af2000 	C:\Windows\system32\WINMM.dll
0x76dd0000 - 0x76e7a000 	C:\Windows\system32\msvcrt.dll
0x764f0000 - 0x76634000 	C:\Windows\system32\ole32.dll
0x75950000 - 0x759dd000 	C:\Windows\system32\OLEAUT32.dll
0x73a80000 - 0x73ab9000 	C:\Windows\system32\OLEACC.dll
0x75890000 - 0x758ae000 	C:\Windows\system32\IMM32.DLL
0x77060000 - 0x77128000 	C:\Windows\system32\MSCTF.dll
0x753c0000 - 0x753ec000 	C:\Windows\system32\apphelp.dll
0x77010000 - 0x77019000 	C:\Windows\system32\LPK.DLL
0x76b60000 - 0x76bdd000 	C:\Windows\system32\USP10.dll
0x6c1b0000 - 0x6c1b5000 	C:\Windows\system32\avgrsstx.dll
0x6d860000 - 0x6d86c000 	C:\Program Files\Java\jdk1.6.0_16\jre\bin\verify.dll
0x6d3e0000 - 0x6d3ff000 	C:\Program Files\Java\jdk1.6.0_16\jre\bin\java.dll
0x6d340000 - 0x6d348000 	C:\Program Files\Java\jdk1.6.0_16\jre\bin\hpi.dll
0x754f0000 - 0x754f7000 	C:\Windows\system32\PSAPI.DLL
0x6d8a0000 - 0x6d8af000 	C:\Program Files\Java\jdk1.6.0_16\jre\bin\zip.dll
0x6ae80000 - 0x6aeaa000 	C:\MinGW\bin\avutil-50.dll
0x742d0000 - 0x7430b000 	C:\Windows\system32\rsaenh.dll
0x75440000 - 0x7545e000 	C:\Windows\system32\USERENV.dll
0x75420000 - 0x75434000 	C:\Windows\system32\Secur32.dll
0x6d6c0000 - 0x6d6d3000 	C:\Program Files\Java\jdk1.6.0_16\jre\bin\net.dll
0x76be0000 - 0x76c0d000 	C:\Windows\system32\WS2_32.dll
0x77020000 - 0x77026000 	C:\Windows\system32\NSI.dll
0x74550000 - 0x7458b000 	C:\Windows\system32\mswsock.dll
0x745b0000 - 0x745b5000 	C:\Windows\System32\wship6.dll
0x73a60000 - 0x73a6f000 	C:\Windows\system32\NLAapi.dll
0x74780000 - 0x74799000 	C:\Windows\system32\IPHLPAPI.DLL
0x74740000 - 0x74775000 	C:\Windows\system32\dhcpcsvc.DLL
0x749a0000 - 0x749cc000 	C:\Windows\system32\DNSAPI.dll
0x751f0000 - 0x751f7000 	C:\Windows\system32\WINNSI.DLL
0x74710000 - 0x74731000 	C:\Windows\system32\dhcpcsvc6.DLL
0x71080000 - 0x7108f000 	C:\Windows\system32\napinsp.dll
0x71060000 - 0x71072000 	C:\Windows\system32\pnrpnsp.dll
0x70d50000 - 0x70d58000 	C:\Windows\System32\winrnr.dll
0x76b10000 - 0x76b5a000 	C:\Windows\system32\WLDAP32.dll
0x70d40000 - 0x70d4c000 	C:\Windows\system32\wshbth.dll
0x75700000 - 0x7588a000 	C:\Windows\system32\SETUPAPI.dll
0x63560000 - 0x63568000 	C:\Program Files\National Instruments\Shared\mDNS Responder\nimdnsNSP.dll
0x63550000 - 0x63559000 	C:\Windows\system32\nimdnsResponder.dll
0x70bc0000 - 0x70c63000 	C:\Windows\WinSxS\x86_microsoft.vc90.crt_1fc8b3b9a1e18e3b_9.0.30729.5054_none_509208cabcb9216b\MSVCR90.dll
0x741f0000 - 0x741f5000 	C:\Windows\System32\wshtcpip.dll
0x726a0000 - 0x726a6000 	C:\Windows\system32\rasadhlp.dll
0x66860000 - 0x6691e000 	C:\Program Files\WPIJavaCV\OpenCV_2.2.0\bin\msvcr100.dll
0x66130000 - 0x66199000 	C:\Program Files\WPIJavaCV\OpenCV_2.2.0\bin\msvcp100.dll
0x69f70000 - 0x69f96000 	C:\opencv\build\common\tbb\ia32\vc10\tbb.dll
0x65f80000 - 0x6612e000 	C:\opencv\build\x86\vc10\bin\opencv_core231.dll
0x65c30000 - 0x65c91000 	C:\Users\lenovo\AppData\Local\Temp\jniopencv_core7624094356446050271.dll
0x64b50000 - 0x64d81000 	C:\opencv\build\x86\vc10\bin\opencv_imgproc231.dll
0x67b00000 - 0x67b34000 	C:\Users\lenovo\AppData\Local\Temp\jniopencv_imgproc140513451956503913.dll
0x65a50000 - 0x65b39000 	C:\opencv\build\x86\vc10\bin\opencv_highgui231.dll
0x73e70000 - 0x7400e000 	C:\Windows\WinSxS\x86_microsoft.windows.common-controls_6595b64144ccf1df_6.0.6001.18000_none_5cdbaa5a083979cc\COMCTL32.dll
0x76e80000 - 0x76ed8000 	C:\Windows\system32\SHLWAPI.dll
0x73370000 - 0x73389000 	C:\Windows\system32\AVIFIL32.dll
0x72880000 - 0x72894000 	C:\Windows\system32\MSACM32.dll
0x73ba0000 - 0x73bc3000 	C:\Windows\system32\MSVFW32.dll
0x759e0000 - 0x764f0000 	C:\Windows\system32\SHELL32.dll
0x733d0000 - 0x733e3000 	C:\Windows\system32\AVICAP32.dll
0x74210000 - 0x74218000 	C:\Windows\system32\VERSION.dll
0x73bf0000 - 0x73c2f000 	C:\Windows\system32\uxtheme.dll
0x71480000 - 0x7148c000 	C:\Users\lenovo\AppData\Local\Temp\jniopencv_highgui8053867009435190862.dll
0x05040000 - 0x05c24000 	C:\opencv\build\x86\vc10\bin\opencv_ffmpeg.dll
0x74220000 - 0x74227000 	C:\Windows\system32\WSOCK32.DLL
0x6d0b0000 - 0x6d1fa000 	C:\Program Files\Java\jdk1.6.0_16\jre\bin\awt.dll
0x72c20000 - 0x72c62000 	C:\Windows\system32\WINSPOOL.DRV
0x72860000 - 0x7286c000 	C:\Windows\system32\DWMAPI.DLL
0x6d2e0000 - 0x6d334000 	C:\Program Files\Java\jdk1.6.0_16\jre\bin\fontmanager.dll

VM Arguments:
jvm_args: -Dfile.encoding=UTF-8 
java_command: javacvstuff.CaptureImage
Launcher Type: SUN_STANDARD

Environment Variables:
PATH=C:\Windows\system32;C:\Windows;C:\Windows\System32\Wbem;C:\Program Files\Intel\WiFi\bin\;C:\Program Files\ATI Technologies\ATI.ACE\Core-Static;c:\Program Files\Common Files\Lenovo;C:\Program Files\Common Files\Roxio Shared\10.0\DLLShared\;C:\Program Files\Common Files\Roxio Shared\DLLShared\;C:\Program Files\Common Files\Roxio Shared\DLLShared\;C:\Program Files\Common Files\Roxio Shared\10.0\DLLShared\;C:\Program Files\ThinkPad\ConnectUtilities\;C:\Program Files\Lenovo\Client Security Solution;c:\Program Files\Microsoft SQL Server\90\Tools\binn\;C:\PROGRA~1\IVIFOU~1\VISA\WinNT\Bin;C:\Program Files\IVI Foundation\VISA\WinNT\Bin\;C:\Program Files\IVI Foundation\VISA\WinNT\Bin;C:\Program Files\National Instruments\LabVIEW 8.6\\vi.lib\NIScanEngine;C:\Program Files\WPIJavaCV\OpenCV_2.2.0\bin
USERNAME=lenovo
OS=Windows_NT
PROCESSOR_IDENTIFIER=x86 Family 6 Model 23 Stepping 6, GenuineIntel



---------------  S Y S T E M  ---------------

OS: Windows Vista Build 6001 Service Pack 1

CPU:total 2 (2 cores per cpu, 1 threads per core) family 6 model 23 stepping 6, cmov, cx8, fxsr, mmx, sse, sse2, sse3, ssse3, sse4.1

Memory: 4k page, physical 2097151k(1387016k free), swap 4194303k(4194303k free)

vm_info: Java HotSpot(TM) Client VM (14.2-b01) for windows-x86 JRE (1.6.0_16-b01), built on Jul 31 2009 11:26:58 by "java_re" with MS VC++ 7.1

time: Mon Feb 13 21:03:54 2012
elapsed time: 12 seconds

